#
# A fatal error has been detected by the Java Runtime Environment:
#
#  EXCEPTION_ACCESS_VIOLATION (0xc0000005) at pc=0x00007ffee20d0339, pid=13496, tid=2900
#
# JRE version: OpenJDK Runtime Environment Temurin-17.0.11+9 (17.0.11+9) (build 17.0.11+9)
# Java VM: OpenJDK 64-Bit Server VM Temurin-17.0.11+9 (17.0.11+9, mixed mode, emulated-client, tiered, compressed oops, compressed class ptrs, g1 gc, windows-amd64)
# Problematic frame:
# V  [jvm.dll+0x240339]
#
# No core dump will be written. Minidumps are not enabled by default on client versions of Windows
#
# If you would like to submit a bug report, please visit:
#   https://github.com/adoptium/adoptium-support/issues
#

---------------  S U M M A R Y ------------

Command Line: -XX:+ShowCodeDetailsInExceptionMessages -agentlib:jdwp=transport=dt_socket,suspend=y,address=localhost:51219 -Dcom.sun.management.jmxremote -Dcom.sun.management.jmxremote.port=51218 -Dcom.sun.management.jmxremote.authenticate=false -Dcom.sun.management.jmxremote.ssl=false -Djava.rmi.server.hostname=localhost -Dspring.jmx.enabled=true -Dmanagement.endpoints.jmx.exposure.include=* -Dspring.application.admin.enabled=true -XX:TieredStopAtLevel=1 -Dspring.boot.project.name=NourishNow -javaagent:C:\sts-4.22.1.RELEASE\configuration\org.eclipse.osgi\266\0\.cp\lib\javaagent-shaded.jar -Dfile.encoding=UTF-8 -Dstdout.encoding=UTF-8 -Dstderr.encoding=UTF-8 com.pscode.nourish_now.NourishNowApplication --spring.output.ansi.enabled=always

Host: Intel(R) Core(TM) i5-1035G1 CPU @ 1.00GHz, 8 cores, 7G,  Windows 11 , 64 bit Build 26100 (10.0.26100.3037)
Time: Wed Feb 26 12:05:26 2025 India Standard Time elapsed time: 909.720104 seconds (0d 0h 15m 9s)

---------------  T H R E A D  ---------------

Current thread (0x000001a0796f0140):  VMThread "VM Thread" [stack: 0x0000005d83400000,0x0000005d83500000] [id=2900]

Stack: [0x0000005d83400000,0x0000005d83500000],  sp=0x0000005d834ff380,  free space=1020k
Native frames: (J=compiled Java code, j=interpreted, Vv=VM code, C=native code)
V  [jvm.dll+0x240339]
V  [jvm.dll+0x632783]
V  [jvm.dll+0x633141]
V  [jvm.dll+0x53004e]
V  [jvm.dll+0x533bd8]
V  [jvm.dll+0x531a4b]
V  [jvm.dll+0x83b19b]
V  [jvm.dll+0x83bed2]
V  [jvm.dll+0x83c3ed]
V  [jvm.dll+0x83c7c4]
V  [jvm.dll+0x83c890]
V  [jvm.dll+0x7e410a]
V  [jvm.dll+0x67c315]
C  [ucrtbase.dll+0x37b0]
C  [KERNEL32.DLL+0x2e8d7]
C  [ntdll.dll+0xbbf2c]


siginfo: EXCEPTION_ACCESS_VIOLATION (0xc0000005), reading address 0x000001a004db78f0


Registers:
RAX=0x0000000000200000, RBX=0x000001a004bb34a0, RCX=0x000001a004bb78f0, RDX=0x000000000000ffff
RSP=0x0000005d834ff380, RBP=0x000001a004bb34a0, RSI=0x000000000000ffff, RDI=0x000000000000ffff
R8 =0x000001a004bb3f08, R9 =0x0000005d834ff460, R10=0x000001a07963b6a0, R11=0x000001a004bb3f08
R12=0x000001a004bb34a0, R13=0x00007ffee1e90000, R14=0x0000005d834ff490, R15=0x000001a004b75950
RIP=0x00007ffee20d0339, EFLAGS=0x0000000000010206


Register to memory mapping:

RIP=0x00007ffee20d0339 jvm.dll
RAX=0x0000000000200000 is an unknown value
RBX=0x000001a004bb34a0 is pointing into metadata
RCX=0x000001a004bb78f0 is pointing into metadata
RDX=0x000000000000ffff is an unknown value
RSP=0x0000005d834ff380 points into unknown readable memory: 0x0000000000000000 | 00 00 00 00 00 00 00 00
RBP=0x000001a004bb34a0 is pointing into metadata
RSI=0x000000000000ffff is an unknown value
RDI=0x000000000000ffff is an unknown value
R8 ={method} {0x000001a004bb3f10} 'getAllNgo' '()Ljava/util/List;' in 'com/pscode/nourish_now/controller/AdminController'
R9 =0x0000005d834ff460 points into unknown readable memory: 0x000001a004bb3f08 | 08 3f bb 04 a0 01 00 00
R10=0x000001a07963b6a0 points into unknown readable memory: 0x0000001e00000002 | 02 00 00 00 1e 00 00 00
R11={method} {0x000001a004bb3f10} 'getAllNgo' '()Ljava/util/List;' in 'com/pscode/nourish_now/controller/AdminController'
R12=0x000001a004bb34a0 is pointing into metadata
R13=0x00007ffee1e90000 jvm.dll
R14=0x0000005d834ff490 points into unknown readable memory: 0x000001a004b763a8 | a8 63 b7 04 a0 01 00 00
R15=0x000001a004b75950 is pointing into metadata


Top of Stack: (sp=0x0000005d834ff380)
0x0000005d834ff380:   0000000000000000 00007ffee2b02bb5
0x0000005d834ff390:   0000005d834ff490 0000000000000012
0x0000005d834ff3a0:   000000000000000a 00007ffee24c2783
0x0000005d834ff3b0:   00000000000000b4 00007ffee21ddc64
0x0000005d834ff3c0:   0000005d834ff460 000001a0796e51f0
0x0000005d834ff3d0:   000001a004b76108 00007fff000000e6
0x0000005d834ff3e0:   0000005d834ff460 00007ffee1fb855e
0x0000005d834ff3f0:   000001a004bb3f08 000001a004bb3c88
0x0000005d834ff400:   000001a004b75950 000001a004bb3ee1
0x0000005d834ff410:   00000000000000b4 00007ffee24c3141
0x0000005d834ff420:   00000000000000b4 0000005d834ff499
0x0000005d834ff430:   00000000000000b4 0000000000000000
0x0000005d834ff440:   000001a004b75950 000001a004bb34a0
0x0000005d834ff450:   000001a004bb3f08 000001a0796f0140
0x0000005d834ff460:   000001a004bb3f08 000001a0796f0140
0x0000005d834ff470:   0000000400000001 000000b400000008
0x0000005d834ff480:   000001a06f880000 0000005d000000b4
0x0000005d834ff490:   000001a004b763a8 000001a0796f0140
0x0000005d834ff4a0:   0000000400000001 000000b400000008
0x0000005d834ff4b0:   0000000000000000 00000000000000b4
0x0000005d834ff4c0:   0000000000000020 0000000000000050
0x0000005d834ff4d0:   0000000000000004 0000005d840ff840
0x0000005d834ff4e0:   0000000000000000 000001a0796e51f0
0x0000005d834ff4f0:   000001a004b763a8 00007ffee23c004e
0x0000005d834ff500:   000001a004bb3f08 000001a004bb34a0
0x0000005d834ff510:   0000000000000004 000001a06f882590
0x0000005d834ff520:   000001a06f882871 000000000000000e
0x0000005d834ff530:   000001a06f882722 0000000000000000
0x0000005d834ff540:   0000000000000000 0000000100c5f118
0x0000005d834ff550:   0000000000000000 0000005d840ff840
0x0000005d834ff560:   0000000000000000 0000000000000007
0x0000005d834ff570:   0000005d834ff629 0000000000000038 

Instructions: (pc=0x00007ffee20d0339)
0x00007ffee20d0239:   cc cc cc cc cc cc cc 48 89 5c 24 10 48 89 74 24
0x00007ffee20d0249:   18 57 48 83 ec 30 48 63 da 49 8b f0 48 8b f9 85
0x00007ffee20d0259:   d2 79 24 4c 8d 0d 75 40 70 00 ba b4 02 00 00 4c
0x00007ffee20d0269:   8d 05 a1 40 70 00 48 8d 0d 1a 40 70 00 e8 e5 79
0x00007ffee20d0279:   00 00 e8 b0 cc 43 00 48 8b 4f 10 48 85 c9 74 0f
0x00007ffee20d0289:   48 8d 43 01 48 c1 e0 05 48 8b 04 08 0f b7 d8 48
0x00007ffee20d0299:   63 c3 48 8d 54 24 40 48 89 7c 24 20 48 89 74 24
0x00007ffee20d02a9:   28 48 8b 8e 48 02 00 00 8b 5c c7 48 48 89 7c 24
0x00007ffee20d02b9:   40 e8 b1 a7 dc ff 0f b7 d3 48 8d 4c 24 20 4c 8b
0x00007ffee20d02c9:   c6 e8 f1 fb ff ff 48 8d 4c 24 20 48 8b d8 e8 14
0x00007ffee20d02d9:   da 10 00 48 8b 74 24 50 48 8b c3 48 8b 5c 24 48
0x00007ffee20d02e9:   48 83 c4 30 5f c3 cc 48 89 5c 24 08 57 48 83 ec
0x00007ffee20d02f9:   20 48 63 fa 48 8b d9 85 d2 79 24 4c 8d 0d cd 3f
0x00007ffee20d0309:   70 00 ba b4 02 00 00 4c 8d 05 f9 3f 70 00 48 8d
0x00007ffee20d0319:   0d 72 3f 70 00 e8 3d 79 00 00 e8 08 cc 43 00 48
0x00007ffee20d0329:   8b 4b 10 48 85 c9 74 0f 48 8d 47 01 48 c1 e0 05
0x00007ffee20d0339:   48 8b 04 08 0f b7 f8 48 63 c7 0f b7 4c c3 48 0f
0x00007ffee20d0349:   b7 44 cb 4a 48 8b 44 c3 48 48 8b 5c 24 30 48 83
0x00007ffee20d0359:   c4 20 5f c3 cc cc cc 4c 8b 41 20 4d 8b 00 e9 64
0x00007ffee20d0369:   02 00 00 cc cc cc cc 48 8b 49 20 48 8b 09 e9 34
0x00007ffee20d0379:   59 00 00 cc cc cc cc 48 89 5c 24 18 56 57 41 56
0x00007ffee20d0389:   48 83 ec 20 48 83 3d 2b 20 93 00 00 4c 8b f2 48
0x00007ffee20d0399:   8b f9 74 0f 48 8b d1 48 8d 0d c1 3e 70 00 e8 34
0x00007ffee20d03a9:   73 e6 ff 45 33 c0 41 8d 50 17 8d 4a 11 e8 85 68
0x00007ffee20d03b9:   e6 ff 33 db 48 85 c0 74 22 48 8d 4f 08 89 58 08
0x00007ffee20d03c9:   48 89 48 20 48 8d 0d 8c 36 6d 00 48 89 08 88 58
0x00007ffee20d03d9:   0c 48 89 58 10 48 89 58 18 eb 03 48 8b c3 48 8b
0x00007ffee20d03e9:   d0 49 8b ce e8 0e 4a 3e 00 45 33 c0 41 8d 50 17
0x00007ffee20d03f9:   8d 4a 11 e8 3f 68 e6 ff 48 85 c0 74 27 48 8d 0d
0x00007ffee20d0409:   ab 43 70 00 c7 40 08 02 00 00 00 48 89 08 48 8d
0x00007ffee20d0419:   4f 10 48 89 48 20 c6 40 0c 00 48 89 58 10 48 89
0x00007ffee20d0429:   58 18 eb 03 48 8b c3 48 8b d0 49 8b ce e8 c5 49 


Stack slot to memory mapping:
stack at sp + 0 slots: 0x0 is NULL
stack at sp + 1 slots: 0x00007ffee2b02bb5 AcLayers.DLL
stack at sp + 2 slots: 0x0000005d834ff490 points into unknown readable memory: 0x000001a004b763a8 | a8 63 b7 04 a0 01 00 00
stack at sp + 3 slots: 0x0000000000000012 is an unknown value
stack at sp + 4 slots: 0x000000000000000a is an unknown value
stack at sp + 5 slots: 0x00007ffee24c2783 jvm.dll
stack at sp + 6 slots: 0x00000000000000b4 is an unknown value
stack at sp + 7 slots: 0x00007ffee21ddc64 jvm.dll

VM_Operation (0x0000005d840ff840): RedefineClasses, mode: safepoint, requested by thread 0x000001a07e78eb00, redefining class com.pscode.nourish_now.controller.AdminController



---------------  P R O C E S S  ---------------

Threads class SMR info:
_java_thread_list=0x000001a008fde340, length=45, elements={
0x000001a0797dfcb0, 0x000001a0797e5aa0, 0x000001a07e0a87a0, 0x000001a07e0ab490,
0x000001a07e0d1090, 0x000001a07e0d3a60, 0x000001a07e0d99f0, 0x000001a07e0e8420,
0x000001a07e5d13e0, 0x000001a07e78eb00, 0x000001a07e79bfb0, 0x000001a07e7a0790,
0x000001a07e5d6b70, 0x000001a07e69a6b0, 0x000001a07e6a0780, 0x000001a07edfb600,
0x000001a07edfd090, 0x000001a07edfdb30, 0x000001a07edfc0a0, 0x000001a001380110,
0x000001a00025b210, 0x000001a000258240, 0x000001a000254d20, 0x000001a0002577a0,
0x000001a0002567b0, 0x000001a000254280, 0x000001a000259230, 0x000001a07e5ff420,
0x000001a000258ce0, 0x000001a000259780, 0x000001a000259cd0, 0x000001a00025b760,
0x000001a00025a220, 0x000001a00025a770, 0x000001a00025acc0, 0x000001a00025bcb0,
0x000001a00137dbe0, 0x000001a00137d140, 0x000001a00137b160, 0x000001a00137c150,
0x000001a00137a170, 0x000001a00137bc00, 0x000001a00137b6b0, 0x000001a00137cbf0,
0x000001a00137d690
}

Java Threads: ( => current thread )
  0x000001a0797dfcb0 JavaThread "Reference Handler" daemon [_thread_blocked, id=10616, stack(0x0000005d83500000,0x0000005d83600000)]
  0x000001a0797e5aa0 JavaThread "Finalizer" daemon [_thread_blocked, id=14308, stack(0x0000005d83600000,0x0000005d83700000)]
  0x000001a07e0a87a0 JavaThread "Signal Dispatcher" daemon [_thread_blocked, id=1616, stack(0x0000005d83700000,0x0000005d83800000)]
  0x000001a07e0ab490 JavaThread "Attach Listener" daemon [_thread_blocked, id=10116, stack(0x0000005d83800000,0x0000005d83900000)]
  0x000001a07e0d1090 JavaThread "Service Thread" daemon [_thread_blocked, id=10632, stack(0x0000005d83900000,0x0000005d83a00000)]
  0x000001a07e0d3a60 JavaThread "Monitor Deflation Thread" daemon [_thread_blocked, id=8688, stack(0x0000005d83a00000,0x0000005d83b00000)]
  0x000001a07e0d99f0 JavaThread "C1 CompilerThread0" daemon [_thread_blocked, id=15856, stack(0x0000005d83b00000,0x0000005d83c00000)]
  0x000001a07e0e8420 JavaThread "Sweeper thread" daemon [_thread_blocked, id=3416, stack(0x0000005d83c00000,0x0000005d83d00000)]
  0x000001a07e5d13e0 JavaThread "Common-Cleaner" daemon [_thread_blocked, id=15100, stack(0x0000005d83d00000,0x0000005d83e00000)]
  0x000001a07e78eb00 JavaThread "JDWP Transport Listener: dt_socket" daemon [_thread_blocked, id=9276, stack(0x0000005d84000000,0x0000005d84100000)]
  0x000001a07e79bfb0 JavaThread "JDWP Event Helper Thread" daemon [_thread_blocked, id=14296, stack(0x0000005d84100000,0x0000005d84200000)]
  0x000001a07e7a0790 JavaThread "JDWP Command Reader" daemon [_thread_in_native, id=13124, stack(0x0000005d84200000,0x0000005d84300000)]
  0x000001a07e5d6b70 JavaThread "Notification Thread" daemon [_thread_blocked, id=11236, stack(0x0000005d84300000,0x0000005d84400000)]
  0x000001a07e69a6b0 JavaThread "RMI TCP Accept-0" daemon [_thread_in_native, id=12904, stack(0x0000005d84400000,0x0000005d84500000)]
  0x000001a07e6a0780 JavaThread "RMI TCP Accept-51218" daemon [_thread_in_native, id=12824, stack(0x0000005d84500000,0x0000005d84600000)]
  0x000001a07edfb600 JavaThread "RMI TCP Accept-0" daemon [_thread_in_native, id=12028, stack(0x0000005d84600000,0x0000005d84700000)]
  0x000001a07edfd090 JavaThread "RMI Scheduler(0)" daemon [_thread_blocked, id=13440, stack(0x0000005d84900000,0x0000005d84a00000)]
  0x000001a07edfdb30 JavaThread "JMX server connection timeout 25" daemon [_thread_blocked, id=15300, stack(0x0000005d85300000,0x0000005d85400000)]
  0x000001a07edfc0a0 JavaThread "mysql-cj-abandoned-connection-cleanup" daemon [_thread_blocked, id=4860, stack(0x0000005d85b00000,0x0000005d85c00000)]
  0x000001a001380110 JavaThread "Live Reload Server" daemon [_thread_in_native, id=5916, stack(0x0000005d86100000,0x0000005d86200000)]
  0x000001a00025b210 JavaThread "DestroyJavaVM" [_thread_blocked, id=4308, stack(0x0000005d82e00000,0x0000005d82f00000)]
  0x000001a000258240 JavaThread "RMI TCP Connection(25)-127.0.0.1" daemon [_thread_in_native, id=9564, stack(0x0000005d86a00000,0x0000005d86b00000)]
  0x000001a000254d20 JavaThread "Catalina-utility-1" [_thread_blocked, id=6308, stack(0x0000005d82c00000,0x0000005d82d00000)]
  0x000001a0002577a0 JavaThread "Catalina-utility-2" [_thread_blocked, id=3496, stack(0x0000005d83e00000,0x0000005d83f00000)]
  0x000001a0002567b0 JavaThread "container-0" [_thread_blocked, id=11048, stack(0x0000005d83f00000,0x0000005d84000000)]
  0x000001a000254280 JavaThread "HikariPool-5 housekeeper" daemon [_thread_blocked, id=14180, stack(0x0000005d84800000,0x0000005d84900000)]
  0x000001a000259230 JavaThread "HikariPool-5 connection adder" daemon [_thread_blocked, id=7140, stack(0x0000005d85400000,0x0000005d85500000)]
  0x000001a07e5ff420 JavaThread "C1 CompilerThread1" daemon [_thread_blocked, id=9020, stack(0x0000005d85500000,0x0000005d85600000)]
  0x000001a000258ce0 JavaThread "File Watcher" daemon [_thread_blocked, id=10064, stack(0x0000005d85700000,0x0000005d85800000)]
  0x000001a000259780 JavaThread "http-nio-8080-exec-1" daemon [_thread_blocked, id=10952, stack(0x0000005d85800000,0x0000005d85900000)]
  0x000001a000259cd0 JavaThread "http-nio-8080-exec-2" daemon [_thread_blocked, id=13648, stack(0x0000005d85900000,0x0000005d85a00000)]
  0x000001a00025b760 JavaThread "http-nio-8080-exec-3" daemon [_thread_blocked, id=14360, stack(0x0000005d85a00000,0x0000005d85b00000)]
  0x000001a00025a220 JavaThread "http-nio-8080-exec-4" daemon [_thread_blocked, id=11348, stack(0x0000005d85c00000,0x0000005d85d00000)]
  0x000001a00025a770 JavaThread "http-nio-8080-exec-5" daemon [_thread_blocked, id=10640, stack(0x0000005d85d00000,0x0000005d85e00000)]
  0x000001a00025acc0 JavaThread "http-nio-8080-exec-6" daemon [_thread_blocked, id=3492, stack(0x0000005d85e00000,0x0000005d85f00000)]
  0x000001a00025bcb0 JavaThread "http-nio-8080-exec-7" daemon [_thread_blocked, id=11020, stack(0x0000005d85f00000,0x0000005d86000000)]
  0x000001a00137dbe0 JavaThread "http-nio-8080-exec-8" daemon [_thread_blocked, id=4268, stack(0x0000005d86000000,0x0000005d86100000)]
  0x000001a00137d140 JavaThread "http-nio-8080-exec-9" daemon [_thread_blocked, id=9188, stack(0x0000005d86200000,0x0000005d86300000)]
  0x000001a00137b160 JavaThread "http-nio-8080-exec-10" daemon [_thread_blocked, id=10948, stack(0x0000005d86300000,0x0000005d86400000)]
  0x000001a00137c150 JavaThread "http-nio-8080-Poller" daemon [_thread_in_native, id=10088, stack(0x0000005d86400000,0x0000005d86500000)]
  0x000001a00137a170 JavaThread "http-nio-8080-Acceptor" daemon [_thread_in_native, id=15484, stack(0x0000005d86500000,0x0000005d86600000)]
  0x000001a00137bc00 JavaThread "RMI TCP Connection(26)-127.0.0.1" daemon [_thread_in_native, id=10908, stack(0x0000005d86600000,0x0000005d86700000)]
  0x000001a00137b6b0 JavaThread "RMI TCP Connection(27)-127.0.0.1" daemon [_thread_in_native, id=15236, stack(0x0000005d86700000,0x0000005d86800000)]
  0x000001a00137cbf0 JavaThread "RMI TCP Connection(28)-127.0.0.1" daemon [_thread_blocked, id=8204, stack(0x0000005d82d00000,0x0000005d82e00000)]
  0x000001a00137d690 JavaThread "JMX server connection timeout 176" daemon [_thread_blocked, id=14068, stack(0x0000005d86800000,0x0000005d86900000)]

Other Threads:
=>0x000001a0796f0140 VMThread "VM Thread" [stack: 0x0000005d83400000,0x0000005d83500000] [id=2900]
  0x000001a07e841ce0 WatcherThread [stack: 0x0000005d84700000,0x0000005d84800000] [id=12600]
  0x000001a07202f960 GCTaskThread "GC Thread#0" [stack: 0x0000005d82f00000,0x0000005d83000000] [id=9524]
  0x000001a07e275cb0 GCTaskThread "GC Thread#1" [stack: 0x0000005d84a00000,0x0000005d84b00000] [id=6348]
  0x000001a07e324820 GCTaskThread "GC Thread#2" [stack: 0x0000005d84b00000,0x0000005d84c00000] [id=9444]
  0x000001a07e7022e0 GCTaskThread "GC Thread#3" [stack: 0x0000005d84c00000,0x0000005d84d00000] [id=14868]
  0x000001a07e274f70 GCTaskThread "GC Thread#4" [stack: 0x0000005d84d00000,0x0000005d84e00000] [id=1852]
  0x000001a07e0e7ee0 GCTaskThread "GC Thread#5" [stack: 0x0000005d84e00000,0x0000005d84f00000] [id=2968]
  0x000001a07e2605e0 GCTaskThread "GC Thread#6" [stack: 0x0000005d84f00000,0x0000005d85000000] [id=15640]
  0x000001a07f60d9a0 GCTaskThread "GC Thread#7" [stack: 0x0000005d85000000,0x0000005d85100000] [id=9268]
  0x000001a072047340 ConcurrentGCThread "G1 Main Marker" [stack: 0x0000005d83000000,0x0000005d83100000] [id=13888]
  0x000001a072047c10 ConcurrentGCThread "G1 Conc#0" [stack: 0x0000005d83100000,0x0000005d83200000] [id=9636]
  0x000001a07e1aeac0 ConcurrentGCThread "G1 Conc#1" [stack: 0x0000005d85600000,0x0000005d85700000] [id=14524]
  0x000001a0720dcfb0 ConcurrentGCThread "G1 Refine#0" [stack: 0x0000005d83200000,0x0000005d83300000] [id=9812]
  0x000001a07e3ae3d0 ConcurrentGCThread "G1 Refine#1" [stack: 0x0000005d85100000,0x0000005d85200000] [id=13544]
  0x000001a0720dd8a0 ConcurrentGCThread "G1 Service" [stack: 0x0000005d83300000,0x0000005d83400000] [id=4812]

Threads with active compile tasks:

VM state: at safepoint (normal execution)

VM Mutex/Monitor currently owned by a thread:  ([mutex/lock_event])
[0x000001a06b027580] Threads_lock - owner thread: 0x000001a0796f0140

Heap address: 0x0000000084000000, size: 1984 MB, Compressed Oops mode: 32-bit

CDS archive(s) not mapped
Compressed class space mapped at: 0x0000000100000000-0x0000000140000000, reserved size: 1073741824
Narrow klass base: 0x0000000000000000, Narrow klass shift: 3, Narrow klass range: 0x140000000

GC Precious Log:
 CPUs: 8 total, 8 available
 Memory: 7930M
 Large Page Support: Disabled
 NUMA Support: Disabled
 Compressed Oops: Enabled (32-bit)
 Heap Region Size: 1M
 Heap Min Capacity: 8M
 Heap Initial Capacity: 124M
 Heap Max Capacity: 1984M
 Pre-touch: Disabled
 Parallel Workers: 8
 Concurrent Workers: 2
 Concurrent Refinement Workers: 8
 Periodic GC: Disabled

Heap:
 garbage-first heap   total 106496K, used 63639K [0x0000000084000000, 0x0000000100000000)
  region size 1024K, 33 young (33792K), 4 survivors (4096K)
 Metaspace       used 89162K, committed 89792K, reserved 1179648K
  class space    used 12292K, committed 12608K, reserved 1048576K

Heap Regions: E=young(eden), S=young(survivor), O=old, HS=humongous(starts), HC=humongous(continues), CS=collection set, F=free, OA=open archive, CA=closed archive, TAMS=top-at-mark-start (previous, next)
|   0|0x0000000084000000, 0x0000000084100000, 0x0000000084100000|100%|HS|  |TAMS 0x0000000084100000, 0x0000000084000000| Untracked 
|   1|0x0000000084100000, 0x0000000084200000, 0x0000000084200000|100%|HS|  |TAMS 0x0000000084200000, 0x0000000084100000| Untracked 
|   2|0x0000000084200000, 0x00000000842ffff8, 0x0000000084300000| 99%| O|  |TAMS 0x00000000842ffff8, 0x0000000084200000| Untracked 
|   3|0x0000000084300000, 0x0000000084400000, 0x0000000084400000|100%| O|  |TAMS 0x0000000084400000, 0x0000000084300000| Untracked 
|   4|0x0000000084400000, 0x0000000084500000, 0x0000000084500000|100%| O|  |TAMS 0x0000000084500000, 0x0000000084400000| Untracked 
|   5|0x0000000084500000, 0x00000000845e3600, 0x0000000084600000| 88%| O|  |TAMS 0x0000000084500000, 0x0000000084500000| Untracked 
|   6|0x0000000084600000, 0x0000000084700000, 0x0000000084700000|100%| O|  |TAMS 0x0000000084700000, 0x0000000084600000| Untracked 
|   7|0x0000000084700000, 0x00000000847ffff8, 0x0000000084800000| 99%| O|  |TAMS 0x00000000847ffff8, 0x0000000084700000| Untracked 
|   8|0x0000000084800000, 0x00000000848ffc48, 0x0000000084900000| 99%| O|  |TAMS 0x00000000848ffc48, 0x0000000084800000| Untracked 
|   9|0x0000000084900000, 0x00000000849ffff8, 0x0000000084a00000| 99%| O|  |TAMS 0x00000000849ffff8, 0x0000000084900000| Untracked 
|  10|0x0000000084a00000, 0x0000000084afffa0, 0x0000000084b00000| 99%| O|  |TAMS 0x0000000084afffa0, 0x0000000084a00000| Untracked 
|  11|0x0000000084b00000, 0x0000000084bffff0, 0x0000000084c00000| 99%| O|  |TAMS 0x0000000084bffff0, 0x0000000084b00000| Untracked 
|  12|0x0000000084c00000, 0x0000000084cfffd0, 0x0000000084d00000| 99%| O|  |TAMS 0x0000000084cfffd0, 0x0000000084c00000| Untracked 
|  13|0x0000000084d00000, 0x0000000084e00000, 0x0000000084e00000|100%| O|  |TAMS 0x0000000084e00000, 0x0000000084d00000| Untracked 
|  14|0x0000000084e00000, 0x0000000084effff0, 0x0000000084f00000| 99%| O|  |TAMS 0x0000000084effff0, 0x0000000084e00000| Untracked 
|  15|0x0000000084f00000, 0x0000000084ffffe8, 0x0000000085000000| 99%| O|  |TAMS 0x0000000084ffffe8, 0x0000000084f00000| Untracked 
|  16|0x0000000085000000, 0x00000000850fffb8, 0x0000000085100000| 99%| O|  |TAMS 0x00000000850fffb8, 0x0000000085000000| Untracked 
|  17|0x0000000085100000, 0x00000000851f4b28, 0x0000000085200000| 95%| O|  |TAMS 0x00000000851f4b28, 0x0000000085100000| Untracked 
|  18|0x0000000085200000, 0x0000000085300000, 0x0000000085300000|100%| O|  |TAMS 0x0000000085300000, 0x0000000085200000| Untracked 
|  19|0x0000000085300000, 0x00000000853fffe8, 0x0000000085400000| 99%| O|  |TAMS 0x00000000853fffe8, 0x0000000085300000| Untracked 
|  20|0x0000000085400000, 0x00000000854fffc0, 0x0000000085500000| 99%| O|  |TAMS 0x00000000854fffc0, 0x0000000085400000| Untracked 
|  21|0x0000000085500000, 0x00000000855ffff8, 0x0000000085600000| 99%| O|  |TAMS 0x00000000855ffff8, 0x0000000085500000| Untracked 
|  22|0x0000000085600000, 0x0000000085700000, 0x0000000085700000|100%| O|  |TAMS 0x0000000085700000, 0x0000000085600000| Untracked 
|  23|0x0000000085700000, 0x0000000085800000, 0x0000000085800000|100%| O|  |TAMS 0x0000000085700000, 0x0000000085700000| Untracked 
|  24|0x0000000085800000, 0x00000000858ffff8, 0x0000000085900000| 99%| O|  |TAMS 0x0000000085800000, 0x0000000085800000| Untracked 
|  25|0x0000000085900000, 0x0000000085a00000, 0x0000000085a00000|100%| O|  |TAMS 0x0000000085900000, 0x0000000085900000| Untracked 
|  26|0x0000000085a00000, 0x0000000085a0fec0, 0x0000000085b00000|  6%| O|  |TAMS 0x0000000085a00000, 0x0000000085a00000| Untracked 
|  27|0x0000000085b00000, 0x0000000085bfb5c8, 0x0000000085c00000| 98%| O|  |TAMS 0x0000000085b00000, 0x0000000085b00000| Untracked 
|  28|0x0000000085c00000, 0x0000000085d00000, 0x0000000085d00000|100%| O|  |TAMS 0x0000000085d00000, 0x0000000085c00000| Untracked 
|  29|0x0000000085d00000, 0x0000000085d00000, 0x0000000085e00000|  0%| F|  |TAMS 0x0000000085d00000, 0x0000000085d00000| Untracked 
|  30|0x0000000085e00000, 0x0000000085effff0, 0x0000000085f00000| 99%| O|  |TAMS 0x0000000085e00000, 0x0000000085e00000| Untracked 
|  31|0x0000000085f00000, 0x0000000085f383d0, 0x0000000086000000| 21%| O|  |TAMS 0x0000000085f00000, 0x0000000085f00000| Untracked 
|  32|0x0000000086000000, 0x00000000860ffe90, 0x0000000086100000| 99%| O|  |TAMS 0x0000000086000000, 0x0000000086000000| Untracked 
|  33|0x0000000086100000, 0x00000000861327b0, 0x0000000086200000| 19%| O|  |TAMS 0x0000000086100000, 0x0000000086100000| Untracked 
|  34|0x0000000086200000, 0x0000000086200000, 0x0000000086300000|  0%| F|  |TAMS 0x0000000086200000, 0x0000000086200000| Untracked 
|  35|0x0000000086300000, 0x0000000086300000, 0x0000000086400000|  0%| F|  |TAMS 0x0000000086300000, 0x0000000086300000| Untracked 
|  36|0x0000000086400000, 0x0000000086400000, 0x0000000086500000|  0%| F|  |TAMS 0x0000000086400000, 0x0000000086400000| Untracked 
|  37|0x0000000086500000, 0x0000000086500000, 0x0000000086600000|  0%| F|  |TAMS 0x0000000086500000, 0x0000000086500000| Untracked 
|  38|0x0000000086600000, 0x0000000086600000, 0x0000000086700000|  0%| F|  |TAMS 0x0000000086600000, 0x0000000086600000| Untracked 
|  39|0x0000000086700000, 0x0000000086700000, 0x0000000086800000|  0%| F|  |TAMS 0x0000000086700000, 0x0000000086700000| Untracked 
|  40|0x0000000086800000, 0x0000000086800000, 0x0000000086900000|  0%| F|  |TAMS 0x0000000086800000, 0x0000000086800000| Untracked 
|  41|0x0000000086900000, 0x0000000086900000, 0x0000000086a00000|  0%| F|  |TAMS 0x0000000086900000, 0x0000000086900000| Untracked 
|  42|0x0000000086a00000, 0x0000000086a00000, 0x0000000086b00000|  0%| F|  |TAMS 0x0000000086a00000, 0x0000000086a00000| Untracked 
|  43|0x0000000086b00000, 0x0000000086b00000, 0x0000000086c00000|  0%| F|  |TAMS 0x0000000086b00000, 0x0000000086b00000| Untracked 
|  44|0x0000000086c00000, 0x0000000086c00000, 0x0000000086d00000|  0%| F|  |TAMS 0x0000000086c00000, 0x0000000086c00000| Untracked 
|  45|0x0000000086d00000, 0x0000000086d00000, 0x0000000086e00000|  0%| F|  |TAMS 0x0000000086d00000, 0x0000000086d00000| Untracked 
|  46|0x0000000086e00000, 0x0000000086e00000, 0x0000000086f00000|  0%| F|  |TAMS 0x0000000086e00000, 0x0000000086e00000| Untracked 
|  47|0x0000000086f00000, 0x0000000086f00000, 0x0000000087000000|  0%| F|  |TAMS 0x0000000086f00000, 0x0000000086f00000| Untracked 
|  48|0x0000000087000000, 0x0000000087000000, 0x0000000087100000|  0%| F|  |TAMS 0x0000000087000000, 0x0000000087000000| Untracked 
|  49|0x0000000087100000, 0x0000000087100000, 0x0000000087200000|  0%| F|  |TAMS 0x0000000087100000, 0x0000000087100000| Untracked 
|  50|0x0000000087200000, 0x00000000872d8198, 0x0000000087300000| 84%| S|CS|TAMS 0x0000000087200000, 0x0000000087200000| Complete 
|  51|0x0000000087300000, 0x0000000087400000, 0x0000000087400000|100%| S|CS|TAMS 0x0000000087300000, 0x0000000087300000| Complete 
|  52|0x0000000087400000, 0x0000000087500000, 0x0000000087500000|100%| S|CS|TAMS 0x0000000087400000, 0x0000000087400000| Complete 
|  53|0x0000000087500000, 0x0000000087600000, 0x0000000087600000|100%| S|CS|TAMS 0x0000000087500000, 0x0000000087500000| Complete 
|  54|0x0000000087600000, 0x0000000087600000, 0x0000000087700000|  0%| F|  |TAMS 0x0000000087600000, 0x0000000087600000| Untracked 
|  55|0x0000000087700000, 0x0000000087700000, 0x0000000087800000|  0%| F|  |TAMS 0x0000000087700000, 0x0000000087700000| Untracked 
|  56|0x0000000087800000, 0x0000000087800000, 0x0000000087900000|  0%| F|  |TAMS 0x0000000087800000, 0x0000000087800000| Untracked 
|  57|0x0000000087900000, 0x0000000087900000, 0x0000000087a00000|  0%| F|  |TAMS 0x0000000087900000, 0x0000000087900000| Untracked 
|  58|0x0000000087a00000, 0x0000000087a00000, 0x0000000087b00000|  0%| F|  |TAMS 0x0000000087a00000, 0x0000000087a00000| Untracked 
|  59|0x0000000087b00000, 0x0000000087b00000, 0x0000000087c00000|  0%| F|  |TAMS 0x0000000087b00000, 0x0000000087b00000| Untracked 
|  60|0x0000000087c00000, 0x0000000087c00000, 0x0000000087d00000|  0%| F|  |TAMS 0x0000000087c00000, 0x0000000087c00000| Untracked 
|  61|0x0000000087d00000, 0x0000000087d00000, 0x0000000087e00000|  0%| F|  |TAMS 0x0000000087d00000, 0x0000000087d00000| Untracked 
|  62|0x0000000087e00000, 0x0000000087e00000, 0x0000000087f00000|  0%| F|  |TAMS 0x0000000087e00000, 0x0000000087e00000| Untracked 
|  63|0x0000000087f00000, 0x0000000087f00000, 0x0000000088000000|  0%| F|  |TAMS 0x0000000087f00000, 0x0000000087f00000| Untracked 
|  64|0x0000000088000000, 0x0000000088000000, 0x0000000088100000|  0%| F|  |TAMS 0x0000000088000000, 0x0000000088000000| Untracked 
|  65|0x0000000088100000, 0x0000000088100000, 0x0000000088200000|  0%| F|  |TAMS 0x0000000088100000, 0x0000000088100000| Untracked 
|  66|0x0000000088200000, 0x0000000088200000, 0x0000000088300000|  0%| F|  |TAMS 0x0000000088200000, 0x0000000088200000| Untracked 
|  67|0x0000000088300000, 0x0000000088300000, 0x0000000088400000|  0%| F|  |TAMS 0x0000000088300000, 0x0000000088300000| Untracked 
|  68|0x0000000088400000, 0x0000000088400000, 0x0000000088500000|  0%| F|  |TAMS 0x0000000088400000, 0x0000000088400000| Untracked 
|  69|0x0000000088500000, 0x0000000088500000, 0x0000000088600000|  0%| F|  |TAMS 0x0000000088500000, 0x0000000088500000| Untracked 
|  70|0x0000000088600000, 0x0000000088600000, 0x0000000088700000|  0%| F|  |TAMS 0x0000000088600000, 0x0000000088600000| Untracked 
|  71|0x0000000088700000, 0x0000000088700000, 0x0000000088800000|  0%| F|  |TAMS 0x0000000088700000, 0x0000000088700000| Untracked 
|  72|0x0000000088800000, 0x0000000088800000, 0x0000000088900000|  0%| F|  |TAMS 0x0000000088800000, 0x0000000088800000| Untracked 
|  73|0x0000000088900000, 0x0000000088900000, 0x0000000088a00000|  0%| F|  |TAMS 0x0000000088900000, 0x0000000088900000| Untracked 
|  74|0x0000000088a00000, 0x0000000088a00000, 0x0000000088b00000|  0%| F|  |TAMS 0x0000000088a00000, 0x0000000088a00000| Untracked 
|  75|0x0000000088b00000, 0x0000000088b73b90, 0x0000000088c00000| 45%| E|  |TAMS 0x0000000088b00000, 0x0000000088b00000| Complete 
|  76|0x0000000088c00000, 0x0000000088d00000, 0x0000000088d00000|100%| E|CS|TAMS 0x0000000088c00000, 0x0000000088c00000| Complete 
|  77|0x0000000088d00000, 0x0000000088e00000, 0x0000000088e00000|100%| E|CS|TAMS 0x0000000088d00000, 0x0000000088d00000| Complete 
|  78|0x0000000088e00000, 0x0000000088f00000, 0x0000000088f00000|100%| E|CS|TAMS 0x0000000088e00000, 0x0000000088e00000| Complete 
|  79|0x0000000088f00000, 0x0000000089000000, 0x0000000089000000|100%| E|CS|TAMS 0x0000000088f00000, 0x0000000088f00000| Complete 
|  80|0x0000000089000000, 0x0000000089100000, 0x0000000089100000|100%| E|CS|TAMS 0x0000000089000000, 0x0000000089000000| Complete 
|  81|0x0000000089100000, 0x0000000089200000, 0x0000000089200000|100%| E|CS|TAMS 0x0000000089100000, 0x0000000089100000| Complete 
|  82|0x0000000089200000, 0x0000000089300000, 0x0000000089300000|100%| E|CS|TAMS 0x0000000089200000, 0x0000000089200000| Complete 
|  83|0x0000000089300000, 0x0000000089400000, 0x0000000089400000|100%| E|CS|TAMS 0x0000000089300000, 0x0000000089300000| Complete 
|  84|0x0000000089400000, 0x0000000089500000, 0x0000000089500000|100%| E|CS|TAMS 0x0000000089400000, 0x0000000089400000| Complete 
|  85|0x0000000089500000, 0x0000000089600000, 0x0000000089600000|100%| E|CS|TAMS 0x0000000089500000, 0x0000000089500000| Complete 
|  86|0x0000000089600000, 0x0000000089700000, 0x0000000089700000|100%| E|CS|TAMS 0x0000000089600000, 0x0000000089600000| Complete 
|  87|0x0000000089700000, 0x0000000089800000, 0x0000000089800000|100%| E|CS|TAMS 0x0000000089700000, 0x0000000089700000| Complete 
|  88|0x0000000089800000, 0x0000000089900000, 0x0000000089900000|100%| E|CS|TAMS 0x0000000089800000, 0x0000000089800000| Complete 
|  89|0x0000000089900000, 0x0000000089a00000, 0x0000000089a00000|100%| E|CS|TAMS 0x0000000089900000, 0x0000000089900000| Complete 
|  90|0x0000000089a00000, 0x0000000089b00000, 0x0000000089b00000|100%| E|CS|TAMS 0x0000000089a00000, 0x0000000089a00000| Complete 
|  91|0x0000000089b00000, 0x0000000089c00000, 0x0000000089c00000|100%| E|CS|TAMS 0x0000000089b00000, 0x0000000089b00000| Complete 
|  92|0x0000000089c00000, 0x0000000089d00000, 0x0000000089d00000|100%| E|CS|TAMS 0x0000000089c00000, 0x0000000089c00000| Complete 
|  93|0x0000000089d00000, 0x0000000089e00000, 0x0000000089e00000|100%| E|CS|TAMS 0x0000000089d00000, 0x0000000089d00000| Complete 
|  94|0x0000000089e00000, 0x0000000089f00000, 0x0000000089f00000|100%| E|CS|TAMS 0x0000000089e00000, 0x0000000089e00000| Complete 
|  95|0x0000000089f00000, 0x000000008a000000, 0x000000008a000000|100%| E|CS|TAMS 0x0000000089f00000, 0x0000000089f00000| Complete 
|  96|0x000000008a000000, 0x000000008a100000, 0x000000008a100000|100%| E|CS|TAMS 0x000000008a000000, 0x000000008a000000| Complete 
|  97|0x000000008a100000, 0x000000008a200000, 0x000000008a200000|100%| E|CS|TAMS 0x000000008a100000, 0x000000008a100000| Complete 
|  98|0x000000008a200000, 0x000000008a300000, 0x000000008a300000|100%| E|CS|TAMS 0x000000008a200000, 0x000000008a200000| Complete 
|  99|0x000000008a300000, 0x000000008a400000, 0x000000008a400000|100%| E|CS|TAMS 0x000000008a300000, 0x000000008a300000| Complete 
| 100|0x000000008a400000, 0x000000008a500000, 0x000000008a500000|100%| E|CS|TAMS 0x000000008a400000, 0x000000008a400000| Complete 
| 101|0x000000008a500000, 0x000000008a600000, 0x000000008a600000|100%| E|CS|TAMS 0x000000008a500000, 0x000000008a500000| Complete 
| 102|0x000000008a600000, 0x000000008a700000, 0x000000008a700000|100%| E|CS|TAMS 0x000000008a600000, 0x000000008a600000| Complete 
| 103|0x000000008a700000, 0x000000008a800000, 0x000000008a800000|100%| E|CS|TAMS 0x000000008a700000, 0x000000008a700000| Complete 

Card table byte_map: [0x000001a0725d0000,0x000001a0729b0000] _byte_map_base: 0x000001a0721b0000

Marking Bits (Prev, Next): (CMBitMap*) 0x000001a07202fcb0, (CMBitMap*) 0x000001a07202fc70
 Prev Bits: [0x000001a074c90000, 0x000001a076b90000)
 Next Bits: [0x000001a072d90000, 0x000001a074c90000)

Polling page: 0x000001a069470000

Metaspace:

Usage:
  Non-class:     75.07 MB used.
      Class:     12.00 MB used.
       Both:     87.07 MB used.

Virtual space:
  Non-class space:      128.00 MB reserved,      75.38 MB ( 59%) committed,  2 nodes.
      Class space:        1.00 GB reserved,      12.31 MB (  1%) committed,  1 nodes.
             Both:        1.12 GB reserved,      87.69 MB (  8%) committed. 

Chunk freelists:
   Non-Class:  4.25 MB
       Class:  3.62 MB
        Both:  7.87 MB

MaxMetaspaceSize: unlimited
CompressedClassSpaceSize: 1.00 GB
Initial GC threshold: 21.00 MB
Current GC threshold: 145.62 MB
CDS: off
MetaspaceReclaimPolicy: balanced
 - commit_granule_bytes: 65536.
 - commit_granule_words: 8192.
 - virtual_space_node_default_size: 8388608.
 - enlarge_chunks_in_place: 1.
 - new_chunks_are_fully_committed: 0.
 - uncommit_free_chunks: 1.
 - use_allocation_guard: 0.
 - handle_deallocations: 1.


Internal statistics:

num_allocs_failed_limit: 9.
num_arena_births: 1066.
num_arena_deaths: 322.
num_vsnodes_births: 3.
num_vsnodes_deaths: 0.
num_space_committed: 1403.
num_space_uncommitted: 0.
num_chunks_returned_to_freelist: 365.
num_chunks_taken_from_freelist: 3968.
num_chunk_merges: 127.
num_chunk_splits: 2807.
num_chunks_enlarged: 2206.
num_inconsistent_stats: 0.

CodeCache: size=49152Kb used=17822Kb max_used=17822Kb free=31329Kb
 bounds [0x000001a06e770000, 0x000001a06f910000, 0x000001a071770000]
 total_blobs=9996 nmethods=9296 adapters=625
 compilation: enabled
              stopped_count=0, restarted_count=0
 full_count=0

Compilation events (20 events):
Event: 909.317 Thread 0x000001a07e0d99f0 9288       1       java.io.ObjectOutputStream::writeInt (9 bytes)
Event: 909.317 Thread 0x000001a07e0d99f0 nmethod 9288 0x000001a06f834190 code [0x000001a06f834320, 0x000001a06f834428]
Event: 909.335 Thread 0x000001a07e0d99f0 9289       1       sun.rmi.transport.DGCImpl$2$$Lambda$97/0x00000001001217c8::checkInput (5 bytes)
Event: 909.335 Thread 0x000001a07e5ff420 9290       1       sun.rmi.transport.DGCImpl::checkInput (149 bytes)
Event: 909.335 Thread 0x000001a07e0d99f0 nmethod 9289 0x000001a06f833e90 code [0x000001a06f834020, 0x000001a06f834108]
Event: 909.336 Thread 0x000001a07e5ff420 nmethod 9290 0x000001a06f833710 code [0x000001a06f833900, 0x000001a06f833cd8]
Event: 909.343 Thread 0x000001a07e5ff420 9291   !   1       java.io.ObjectInputStream::readTypeString (128 bytes)
Event: 909.344 Thread 0x000001a07e5ff420 nmethod 9291 0x000001a06f832210 code [0x000001a06f8324c0, 0x000001a06f832e48]
Event: 909.361 Thread 0x000001a07e0d99f0 9292  s    1       java.util.Properties::remove (9 bytes)
Event: 909.362 Thread 0x000001a07e0d99f0 nmethod 9292 0x000001a06f831d90 code [0x000001a06f831f40, 0x000001a06f832108]
Event: 909.363 Thread 0x000001a07e0d99f0 9293       1       java.lang.System::getProperty (26 bytes)
Event: 909.364 Thread 0x000001a07e0d99f0 nmethod 9293 0x000001a06f831410 code [0x000001a06f831620, 0x000001a06f831a28]
Event: 909.376 Thread 0x000001a07e5ff420 9294   !   1       jdk.internal.reflect.GeneratedConstructorAccessor2::newInstance (49 bytes)
Event: 909.377 Thread 0x000001a07e5ff420 nmethod 9294 0x000001a06f830790 code [0x000001a06f8309a0, 0x000001a06f8310a8]
Event: 909.381 Thread 0x000001a07e5ff420 9295       1       com.mysql.cj.util.StringUtils::indexOfIgnoreCase (137 bytes)
Event: 909.382 Thread 0x000001a07e5ff420 nmethod 9295 0x000001a06f82ef90 code [0x000001a06f82f2a0, 0x000001a06f82fe08]
Event: 909.413 Thread 0x000001a07e5ff420 9296       1       sun.net.www.ParseUtil::encodePath (361 bytes)
Event: 909.414 Thread 0x000001a07e5ff420 nmethod 9296 0x000001a06f82db10 code [0x000001a06f82dd80, 0x000001a06f82e888]
Event: 909.423 Thread 0x000001a07e0d99f0 9297   !   1       sun.security.x509.X509CertImpl::getPublicKey (28 bytes)
Event: 909.424 Thread 0x000001a07e0d99f0 nmethod 9297 0x000001a06f82d690 code [0x000001a06f82d840, 0x000001a06f82da08]

GC Heap History (20 events):
Event: 65.350 GC heap before
{Heap before GC invocations=26 (full 0):
 garbage-first heap   total 95232K, used 77856K [0x0000000084000000, 0x0000000100000000)
  region size 1024K, 48 young (49152K), 5 survivors (5120K)
 Metaspace       used 85865K, committed 86464K, reserved 1179648K
  class space    used 11887K, committed 12160K, reserved 1048576K
}
Event: 65.354 GC heap after
{Heap after GC invocations=27 (full 0):
 garbage-first heap   total 95232K, used 35023K [0x0000000084000000, 0x0000000100000000)
  region size 1024K, 3 young (3072K), 3 survivors (3072K)
 Metaspace       used 85865K, committed 86464K, reserved 1179648K
  class space    used 11887K, committed 12160K, reserved 1048576K
}
Event: 231.739 GC heap before
{Heap before GC invocations=27 (full 0):
 garbage-first heap   total 95232K, used 63695K [0x0000000084000000, 0x0000000100000000)
  region size 1024K, 32 young (32768K), 3 survivors (3072K)
 Metaspace       used 87954K, committed 88640K, reserved 1179648K
  class space    used 12208K, committed 12544K, reserved 1048576K
}
Event: 231.792 GC heap after
{Heap after GC invocations=28 (full 1):
 garbage-first heap   total 95232K, used 30270K [0x0000000084000000, 0x0000000100000000)
  region size 1024K, 0 young (0K), 0 survivors (0K)
 Metaspace       used 87816K, committed 88640K, reserved 1179648K
  class space    used 12177K, committed 12544K, reserved 1048576K
}
Event: 234.547 GC heap before
{Heap before GC invocations=28 (full 1):
 garbage-first heap   total 95232K, used 76350K [0x0000000084000000, 0x0000000100000000)
  region size 1024K, 46 young (47104K), 0 survivors (0K)
 Metaspace       used 87939K, committed 88640K, reserved 1179648K
  class space    used 12197K, committed 12544K, reserved 1048576K
}
Event: 234.552 GC heap after
{Heap after GC invocations=29 (full 1):
 garbage-first heap   total 95232K, used 33972K [0x0000000084000000, 0x0000000100000000)
  region size 1024K, 4 young (4096K), 4 survivors (4096K)
 Metaspace       used 87939K, committed 88640K, reserved 1179648K
  class space    used 12197K, committed 12544K, reserved 1048576K
}
Event: 238.539 GC heap before
{Heap before GC invocations=29 (full 1):
 garbage-first heap   total 95232K, used 68788K [0x0000000084000000, 0x0000000100000000)
  region size 1024K, 39 young (39936K), 4 survivors (4096K)
 Metaspace       used 88201K, committed 88832K, reserved 1179648K
  class space    used 12225K, committed 12544K, reserved 1048576K
}
Event: 238.595 GC heap after
{Heap after GC invocations=30 (full 2):
 garbage-first heap   total 95232K, used 29455K [0x0000000084000000, 0x0000000100000000)
  region size 1024K, 0 young (0K), 0 survivors (0K)
 Metaspace       used 87987K, committed 88832K, reserved 1179648K
  class space    used 12176K, committed 12544K, reserved 1048576K
}
Event: 242.662 GC heap before
{Heap before GC invocations=30 (full 2):
 garbage-first heap   total 95232K, used 73487K [0x0000000084000000, 0x0000000100000000)
  region size 1024K, 44 young (45056K), 0 survivors (0K)
 Metaspace       used 88072K, committed 88832K, reserved 1179648K
  class space    used 12188K, committed 12544K, reserved 1048576K
}
Event: 242.665 GC heap after
{Heap after GC invocations=31 (full 2):
 garbage-first heap   total 114688K, used 33009K [0x0000000084000000, 0x0000000100000000)
  region size 1024K, 4 young (4096K), 4 survivors (4096K)
 Metaspace       used 88072K, committed 88832K, reserved 1179648K
  class space    used 12188K, committed 12544K, reserved 1048576K
}
Event: 244.617 GC heap before
{Heap before GC invocations=31 (full 2):
 garbage-first heap   total 114688K, used 68849K [0x0000000084000000, 0x0000000100000000)
  region size 1024K, 40 young (40960K), 4 survivors (4096K)
 Metaspace       used 88287K, committed 88896K, reserved 1179648K
  class space    used 12206K, committed 12544K, reserved 1048576K
}
Event: 244.666 GC heap after
{Heap after GC invocations=32 (full 3):
 garbage-first heap   total 106496K, used 29825K [0x0000000084000000, 0x0000000100000000)
  region size 1024K, 0 young (0K), 0 survivors (0K)
 Metaspace       used 88284K, committed 88896K, reserved 1179648K
  class space    used 12205K, committed 12544K, reserved 1048576K
}
Event: 245.329 GC heap before
{Heap before GC invocations=32 (full 3):
 garbage-first heap   total 106496K, used 81025K [0x0000000084000000, 0x0000000100000000)
  region size 1024K, 51 young (52224K), 0 survivors (0K)
 Metaspace       used 88431K, committed 89024K, reserved 1179648K
  class space    used 12227K, committed 12544K, reserved 1048576K
}
Event: 245.333 GC heap after
{Heap after GC invocations=33 (full 3):
 garbage-first heap   total 106496K, used 33867K [0x0000000084000000, 0x0000000100000000)
  region size 1024K, 4 young (4096K), 4 survivors (4096K)
 Metaspace       used 88431K, committed 89024K, reserved 1179648K
  class space    used 12227K, committed 12544K, reserved 1048576K
}
Event: 274.833 GC heap before
{Heap before GC invocations=33 (full 3):
 garbage-first heap   total 106496K, used 83019K [0x0000000084000000, 0x0000000100000000)
  region size 1024K, 52 young (53248K), 4 survivors (4096K)
 Metaspace       used 88839K, committed 89408K, reserved 1179648K
  class space    used 12262K, committed 12544K, reserved 1048576K
}
Event: 274.841 GC heap after
{Heap after GC invocations=34 (full 3):
 garbage-first heap   total 106496K, used 35343K [0x0000000084000000, 0x0000000100000000)
  region size 1024K, 3 young (3072K), 3 survivors (3072K)
 Metaspace       used 88839K, committed 89408K, reserved 1179648K
  class space    used 12262K, committed 12544K, reserved 1048576K
}
Event: 908.070 GC heap before
{Heap before GC invocations=34 (full 3):
 garbage-first heap   total 106496K, used 54799K [0x0000000084000000, 0x0000000100000000)
  region size 1024K, 23 young (23552K), 3 survivors (3072K)
 Metaspace       used 88857K, committed 89472K, reserved 1179648K
  class space    used 12263K, committed 12544K, reserved 1048576K
}
Event: 908.117 GC heap after
{Heap after GC invocations=35 (full 4):
 garbage-first heap   total 106496K, used 31030K [0x0000000084000000, 0x0000000100000000)
  region size 1024K, 0 young (0K), 0 survivors (0K)
 Metaspace       used 88854K, committed 89472K, reserved 1179648K
  class space    used 12263K, committed 12544K, reserved 1048576K
}
Event: 908.933 GC heap before
{Heap before GC invocations=35 (full 4):
 garbage-first heap   total 106496K, used 81206K [0x0000000084000000, 0x0000000100000000)
  region size 1024K, 50 young (51200K), 0 survivors (0K)
 Metaspace       used 88957K, committed 89536K, reserved 1179648K
  class space    used 12278K, committed 12544K, reserved 1048576K
}
Event: 908.936 GC heap after
{Heap after GC invocations=36 (full 4):
 garbage-first heap   total 106496K, used 34967K [0x0000000084000000, 0x0000000100000000)
  region size 1024K, 4 young (4096K), 4 survivors (4096K)
 Metaspace       used 88957K, committed 89536K, reserved 1179648K
  class space    used 12278K, committed 12544K, reserved 1048576K
}

Dll operation events (12 events):
Event: 0.047 Loaded shared library C:\sts-4.22.1.RELEASE\plugins\org.eclipse.justj.openjdk.hotspot.jre.full.win32.x86_64_17.0.11.v20240426-1830\jre\bin\java.dll
Event: 0.393 Loaded shared library C:\sts-4.22.1.RELEASE\plugins\org.eclipse.justj.openjdk.hotspot.jre.full.win32.x86_64_17.0.11.v20240426-1830\jre\bin\zip.dll
Event: 0.397 Loaded shared library C:\sts-4.22.1.RELEASE\plugins\org.eclipse.justj.openjdk.hotspot.jre.full.win32.x86_64_17.0.11.v20240426-1830\jre\bin\instrument.dll
Event: 0.416 Loaded shared library C:\sts-4.22.1.RELEASE\plugins\org.eclipse.justj.openjdk.hotspot.jre.full.win32.x86_64_17.0.11.v20240426-1830\jre\bin\net.dll
Event: 0.418 Loaded shared library C:\sts-4.22.1.RELEASE\plugins\org.eclipse.justj.openjdk.hotspot.jre.full.win32.x86_64_17.0.11.v20240426-1830\jre\bin\nio.dll
Event: 0.427 Loaded shared library C:\sts-4.22.1.RELEASE\plugins\org.eclipse.justj.openjdk.hotspot.jre.full.win32.x86_64_17.0.11.v20240426-1830\jre\bin\zip.dll
Event: 3.374 Loaded shared library C:\sts-4.22.1.RELEASE\plugins\org.eclipse.justj.openjdk.hotspot.jre.full.win32.x86_64_17.0.11.v20240426-1830\jre\bin\jimage.dll
Event: 3.450 Loaded shared library C:\sts-4.22.1.RELEASE\plugins\org.eclipse.justj.openjdk.hotspot.jre.full.win32.x86_64_17.0.11.v20240426-1830\jre\bin\management.dll
Event: 3.471 Loaded shared library C:\sts-4.22.1.RELEASE\plugins\org.eclipse.justj.openjdk.hotspot.jre.full.win32.x86_64_17.0.11.v20240426-1830\jre\bin\management_ext.dll
Event: 3.798 Loaded shared library C:\sts-4.22.1.RELEASE\plugins\org.eclipse.justj.openjdk.hotspot.jre.full.win32.x86_64_17.0.11.v20240426-1830\jre\bin\extnet.dll
Event: 3.834 Loaded shared library C:\sts-4.22.1.RELEASE\plugins\org.eclipse.justj.openjdk.hotspot.jre.full.win32.x86_64_17.0.11.v20240426-1830\jre\bin\verify.dll
Event: 5.441 Loaded shared library C:\sts-4.22.1.RELEASE\plugins\org.eclipse.justj.openjdk.hotspot.jre.full.win32.x86_64_17.0.11.v20240426-1830\jre\bin\sunmscapi.dll

Deoptimization events (20 events):
Event: 909.327 Thread 0x000001a000259230 DEOPT PACKING pc=0x000001a06f213ebf sp=0x0000005d854fdff0
Event: 909.327 Thread 0x000001a000259230 DEOPT UNPACKING pc=0x000001a06e7cace3 sp=0x0000005d854fd460 mode 1
Event: 909.328 Thread 0x000001a000259230 DEOPT PACKING pc=0x000001a06e97f201 sp=0x0000005d854fde10
Event: 909.328 Thread 0x000001a000259230 DEOPT UNPACKING pc=0x000001a06e7cace3 sp=0x0000005d854fd2c8 mode 1
Event: 909.375 Thread 0x000001a000259230 DEOPT PACKING pc=0x000001a06f6c8114 sp=0x0000005d854fddd0
Event: 909.375 Thread 0x000001a000259230 DEOPT UNPACKING pc=0x000001a06e7cace3 sp=0x0000005d854fd370 mode 1
Event: 909.375 Thread 0x000001a000259230 DEOPT PACKING pc=0x000001a06f6c8114 sp=0x0000005d854fddd0
Event: 909.375 Thread 0x000001a000259230 DEOPT UNPACKING pc=0x000001a06e7cace3 sp=0x0000005d854fd370 mode 1
Event: 909.377 Thread 0x000001a000259230 DEOPT PACKING pc=0x000001a06f213ebf sp=0x0000005d854fdff0
Event: 909.377 Thread 0x000001a000259230 DEOPT UNPACKING pc=0x000001a06e7cace3 sp=0x0000005d854fd460 mode 1
Event: 909.378 Thread 0x000001a000259230 DEOPT PACKING pc=0x000001a06e97f201 sp=0x0000005d854fde10
Event: 909.378 Thread 0x000001a000259230 DEOPT UNPACKING pc=0x000001a06e7cace3 sp=0x0000005d854fd2c8 mode 1
Event: 909.423 Thread 0x000001a000259230 DEOPT PACKING pc=0x000001a06f6c8114 sp=0x0000005d854fddd0
Event: 909.423 Thread 0x000001a000259230 DEOPT UNPACKING pc=0x000001a06e7cace3 sp=0x0000005d854fd370 mode 1
Event: 909.423 Thread 0x000001a000259230 DEOPT PACKING pc=0x000001a06f6c8114 sp=0x0000005d854fddd0
Event: 909.423 Thread 0x000001a000259230 DEOPT UNPACKING pc=0x000001a06e7cace3 sp=0x0000005d854fd370 mode 1
Event: 909.425 Thread 0x000001a000259230 DEOPT PACKING pc=0x000001a06f213ebf sp=0x0000005d854fdff0
Event: 909.425 Thread 0x000001a000259230 DEOPT UNPACKING pc=0x000001a06e7cace3 sp=0x0000005d854fd460 mode 1
Event: 909.426 Thread 0x000001a000259230 DEOPT PACKING pc=0x000001a06e97f201 sp=0x0000005d854fde10
Event: 909.426 Thread 0x000001a000259230 DEOPT UNPACKING pc=0x000001a06e7cace3 sp=0x0000005d854fd2c8 mode 1

Classes unloaded (20 events):
Event: 238.553 Thread 0x000001a0796f0140 Unloading class 0x000000010018cc00 'java/lang/invoke/LambdaForm$MH+0x000000010018cc00'
Event: 238.553 Thread 0x000001a0796f0140 Unloading class 0x0000000100110400 'java/lang/invoke/LambdaForm$MH+0x0000000100110400'
Event: 238.553 Thread 0x000001a0796f0140 Unloading class 0x0000000100110000 'java/lang/invoke/LambdaForm$MH+0x0000000100110000'
Event: 238.553 Thread 0x000001a0796f0140 Unloading class 0x000000010010fc00 'java/lang/invoke/LambdaForm$MH+0x000000010010fc00'
Event: 238.553 Thread 0x000001a0796f0140 Unloading class 0x000000010010f800 'java/lang/invoke/LambdaForm$MH+0x000000010010f800'
Event: 238.553 Thread 0x000001a0796f0140 Unloading class 0x000000010010f400 'java/lang/invoke/LambdaForm$MH+0x000000010010f400'
Event: 238.553 Thread 0x000001a0796f0140 Unloading class 0x000000010010f000 'java/lang/invoke/LambdaForm$MH+0x000000010010f000'
Event: 238.553 Thread 0x000001a0796f0140 Unloading class 0x0000000100107000 'java/lang/invoke/LambdaForm$MH+0x0000000100107000'
Event: 238.553 Thread 0x000001a0796f0140 Unloading class 0x0000000100106c00 'java/lang/invoke/LambdaForm$MH+0x0000000100106c00'
Event: 238.553 Thread 0x000001a0796f0140 Unloading class 0x0000000100106800 'java/lang/invoke/LambdaForm$MH+0x0000000100106800'
Event: 238.553 Thread 0x000001a0796f0140 Unloading class 0x0000000100106400 'java/lang/invoke/LambdaForm$MH+0x0000000100106400'
Event: 238.553 Thread 0x000001a0796f0140 Unloading class 0x0000000100106000 'java/lang/invoke/LambdaForm$MH+0x0000000100106000'
Event: 238.553 Thread 0x000001a0796f0140 Unloading class 0x0000000100105c00 'java/lang/invoke/LambdaForm$MH+0x0000000100105c00'
Event: 238.553 Thread 0x000001a0796f0140 Unloading class 0x0000000100104000 'java/lang/invoke/LambdaForm$MH+0x0000000100104000'
Event: 238.553 Thread 0x000001a0796f0140 Unloading class 0x0000000100103400 'java/lang/invoke/LambdaForm$MH+0x0000000100103400'
Event: 238.553 Thread 0x000001a0796f0140 Unloading class 0x0000000100102c00 'java/lang/invoke/LambdaForm$MH+0x0000000100102c00'
Event: 238.553 Thread 0x000001a0796f0140 Unloading class 0x0000000100102400 'java/lang/invoke/LambdaForm$MH+0x0000000100102400'
Event: 238.553 Thread 0x000001a0796f0140 Unloading class 0x0000000100101c00 'java/lang/invoke/LambdaForm$MH+0x0000000100101c00'
Event: 244.629 Thread 0x000001a0796f0140 Unloading class 0x0000000100104c00 'org/apache/catalina/loader/JdbcLeakPrevention'
Event: 908.083 Thread 0x000001a0796f0140 Unloading class 0x000000010071a000 'org/apache/catalina/loader/JdbcLeakPrevention'

Classes redefined (4 events):
Event: 907.233 Thread 0x000001a0796f0140 redefined class name=com.pscode.nourish_now.controller.AdminController, count=1
Event: 907.233 Thread 0x000001a0796f0140 redefined class name=com.pscode.nourish_now.controller.AdminController, count=1
Event: 907.233 Thread 0x000001a0796f0140 redefined class name=com.pscode.nourish_now.controller.AdminController, count=1
Event: 907.234 Thread 0x000001a0796f0140 redefined class name=com.pscode.nourish_now.controller.AdminController, count=1

Internal exceptions (20 events):
Event: 908.069 Thread 0x000001a00137b6b0 Exception <a 'java/lang/InterruptedException'{0x0000000089434718}: sleep interrupted> (0x0000000089434718) 
thrown [s\src\hotspot\share\prims\jvm.cpp, line 3064]
Event: 908.143 Thread 0x000001a0002547d0 Exception <a 'sun/nio/fs/WindowsException'{0x000000008a787bd0}> (0x000000008a787bd0) 
thrown [s\src\hotspot\share\prims\jni.cpp, line 516]
Event: 908.174 Thread 0x000001a0002547d0 Exception <a 'sun/nio/fs/WindowsException'{0x000000008a4bc780}> (0x000000008a4bc780) 
thrown [s\src\hotspot\share\prims\jni.cpp, line 516]
Event: 908.549 Thread 0x000001a0002547d0 Exception <a 'sun/nio/fs/WindowsException'{0x0000000088f7d9b8}> (0x0000000088f7d9b8) 
thrown [s\src\hotspot\share\prims\jni.cpp, line 516]
Event: 908.558 Thread 0x000001a0002547d0 Exception <a 'sun/nio/fs/WindowsException'{0x0000000088e1a380}> (0x0000000088e1a380) 
thrown [s\src\hotspot\share\prims\jni.cpp, line 516]
Event: 908.661 Thread 0x000001a0002547d0 Exception <a 'java/lang/NoClassDefFoundError'{0x0000000088a82af8}: org/flywaydb/core/Flyway> (0x0000000088a82af8) 
thrown [s\src\hotspot\share\oops\constantPool.cpp, line 837]
Event: 908.663 Thread 0x000001a0002547d0 Exception <a 'java/lang/NoClassDefFoundError'{0x0000000088a83148}: liquibase/integration/spring/SpringLiquibase> (0x0000000088a83148) 
thrown [s\src\hotspot\share\oops\constantPool.cpp, line 837]
Event: 908.674 Thread 0x000001a0002547d0 Exception <a 'java/lang/NoClassDefFoundError'{0x0000000088aec300}: org/jooq/DSLContext> (0x0000000088aec300) 
thrown [s\src\hotspot\share\oops\constantPool.cpp, line 837]
Event: 908.676 Thread 0x000001a0002547d0 Exception <a 'java/lang/NoClassDefFoundError'{0x0000000088af87a8}: org/springframework/batch/core/repository/JobRepository> (0x0000000088af87a8) 
thrown [s\src\hotspot\share\oops\constantPool.cpp, line 837]
Event: 908.678 Thread 0x000001a0002547d0 Exception <a 'java/lang/NoClassDefFoundError'{0x0000000088af8df0}: org/quartz/Scheduler> (0x0000000088af8df0) 
thrown [s\src\hotspot\share\oops\constantPool.cpp, line 837]
Event: 908.707 Thread 0x000001a0002547d0 Exception <a 'java/lang/NoClassDefFoundError'{0x0000000088af9460}: org/springframework/session/jdbc/JdbcIndexedSessionRepository> (0x0000000088af9460) 
thrown [s\src\hotspot\share\oops\constantPool.cpp, line 837]
Event: 908.773 Thread 0x000001a0002547d0 Exception <a 'sun/nio/fs/WindowsException'{0x00000000883bd690}> (0x00000000883bd690) 
thrown [s\src\hotspot\share\prims\jni.cpp, line 516]
Event: 908.773 Thread 0x000001a0002547d0 Exception <a 'sun/nio/fs/WindowsException'{0x00000000883bdc98}> (0x00000000883bdc98) 
thrown [s\src\hotspot\share\prims\jni.cpp, line 516]
Event: 908.773 Thread 0x000001a0002547d0 Exception <a 'sun/nio/fs/WindowsException'{0x00000000883be370}> (0x00000000883be370) 
thrown [s\src\hotspot\share\prims\jni.cpp, line 516]
Event: 908.784 Thread 0x000001a0002547d0 Exception <a 'java/io/FileNotFoundException'{0x00000000883f8838}> (0x00000000883f8838) 
thrown [s\src\hotspot\share\prims\jni.cpp, line 516]
Event: 908.814 Thread 0x000001a0002547d0 Exception <a 'java/io/FileNotFoundException'{0x000000008801ba38}> (0x000000008801ba38) 
thrown [s\src\hotspot\share\prims\jni.cpp, line 516]
Event: 908.865 Thread 0x000001a0002547d0 Exception <a 'sun/nio/fs/WindowsException'{0x0000000087ce3300}> (0x0000000087ce3300) 
thrown [s\src\hotspot\share\prims\jni.cpp, line 516]
Event: 909.019 Thread 0x000001a0002547d0 Exception <a 'java/lang/reflect/InvocationTargetException'{0x000000008a13c110}> (0x000000008a13c110) 
thrown [s\src\hotspot\share\runtime\reflection.cpp, line 1121]
Event: 909.021 Thread 0x000001a0002547d0 Exception <a 'java/lang/reflect/InvocationTargetException'{0x000000008a14b630}> (0x000000008a14b630) 
thrown [s\src\hotspot\share\runtime\reflection.cpp, line 1121]
Event: 909.106 Thread 0x000001a0002547d0 Exception <a 'sun/nio/fs/WindowsException'{0x0000000089ad1248}> (0x0000000089ad1248) 
thrown [s\src\hotspot\share\prims\jni.cpp, line 516]

VM Operations (20 events):
Event: 256.431 Executing VM operation: Cleanup done
Event: 267.507 Executing VM operation: Cleanup
Event: 267.508 Executing VM operation: Cleanup done
Event: 274.833 Executing VM operation: G1CollectForAllocation
Event: 274.841 Executing VM operation: G1CollectForAllocation done
Event: 300.991 Executing VM operation: HandshakeAllThreads
Event: 300.992 Executing VM operation: HandshakeAllThreads done
Event: 328.121 Executing VM operation: Cleanup
Event: 328.121 Executing VM operation: Cleanup done
Event: 361.043 Executing VM operation: HandshakeAllThreads
Event: 361.043 Executing VM operation: HandshakeAllThreads done
Event: 676.447 Executing VM operation: Cleanup
Event: 676.447 Executing VM operation: Cleanup done
Event: 907.224 Executing VM operation: RedefineClasses
Event: 907.253 Executing VM operation: RedefineClasses done
Event: 908.069 Executing VM operation: G1CollectFull
Event: 908.118 Executing VM operation: G1CollectFull done
Event: 908.932 Executing VM operation: G1CollectForAllocation
Event: 908.936 Executing VM operation: G1CollectForAllocation done
Event: 909.478 Executing VM operation: RedefineClasses

Events (20 events):
Event: 909.283 Thread 0x000001a000259780 Thread added: 0x000001a000259780
Event: 909.283 Thread 0x000001a000259cd0 Thread added: 0x000001a000259cd0
Event: 909.283 Thread 0x000001a00025b760 Thread added: 0x000001a00025b760
Event: 909.283 Thread 0x000001a00025a220 Thread added: 0x000001a00025a220
Event: 909.284 Thread 0x000001a00025a770 Thread added: 0x000001a00025a770
Event: 909.284 Thread 0x000001a00025acc0 Thread added: 0x000001a00025acc0
Event: 909.284 Thread 0x000001a00025bcb0 Thread added: 0x000001a00025bcb0
Event: 909.285 Thread 0x000001a00137dbe0 Thread added: 0x000001a00137dbe0
Event: 909.285 Thread 0x000001a00137d140 Thread added: 0x000001a00137d140
Event: 909.286 Thread 0x000001a00137b160 Thread added: 0x000001a00137b160
Event: 909.290 Thread 0x000001a00137c150 Thread added: 0x000001a00137c150
Event: 909.291 Thread 0x000001a00137a170 Thread added: 0x000001a00137a170
Event: 909.297 Thread 0x000001a00137bc00 Thread added: 0x000001a00137bc00
Event: 909.300 Thread 0x000001a00137b6b0 Thread added: 0x000001a00137b6b0
Event: 909.315 Thread 0x000001a0002557c0 Thread exited: 0x000001a0002557c0
Event: 909.316 Thread 0x000001a0002547d0 Thread exited: 0x000001a0002547d0
Event: 909.320 Thread 0x000001a00137e130 Thread added: 0x000001a00137e130
Event: 909.338 Thread 0x000001a00137cbf0 Thread added: 0x000001a00137cbf0
Event: 909.340 Thread 0x000001a00137d690 Thread added: 0x000001a00137d690
Event: 909.340 Thread 0x000001a00137e130 Thread exited: 0x000001a00137e130


Dynamic libraries:
0x00007ff74fef0000 - 0x00007ff74fefe000 	C:\sts-4.22.1.RELEASE\plugins\org.eclipse.justj.openjdk.hotspot.jre.full.win32.x86_64_17.0.11.v20240426-1830\jre\bin\javaw.exe
0x00007fff5a640000 - 0x00007fff5a8a3000 	C:\WINDOWS\SYSTEM32\ntdll.dll
0x00007fff59900000 - 0x00007fff599c7000 	C:\WINDOWS\System32\KERNEL32.DLL
0x00007fff57c20000 - 0x00007fff57fe7000 	C:\WINDOWS\System32\KERNELBASE.dll
0x00007fff53220000 - 0x00007fff532bc000 	C:\WINDOWS\SYSTEM32\apphelp.dll
0x00007ffee2b00000 - 0x00007ffee2fa5000 	C:\WINDOWS\SYSTEM32\AcLayers.DLL
0x00007fff58740000 - 0x00007fff587e9000 	C:\WINDOWS\System32\msvcrt.dll
0x00007fff59870000 - 0x00007fff598cd000 	C:\WINDOWS\System32\SHLWAPI.dll
0x00007fff254a0000 - 0x00007fff254b3000 	C:\WINDOWS\SYSTEM32\SortWindows61.dll
0x00007fff582a0000 - 0x00007fff583ec000 	C:\WINDOWS\System32\ucrtbase.dll
0x00007fff27620000 - 0x00007fff27637000 	C:\sts-4.22.1.RELEASE\plugins\org.eclipse.justj.openjdk.hotspot.jre.full.win32.x86_64_17.0.11.v20240426-1830\jre\bin\jli.dll
0x00007fff28c40000 - 0x00007fff28c5b000 	C:\sts-4.22.1.RELEASE\plugins\org.eclipse.justj.openjdk.hotspot.jre.full.win32.x86_64_17.0.11.v20240426-1830\jre\bin\VCRUNTIME140.dll
0x00007fff58570000 - 0x00007fff58739000 	C:\WINDOWS\System32\USER32.dll
0x00007fff58270000 - 0x00007fff58297000 	C:\WINDOWS\System32\win32u.dll
0x00007fff598d0000 - 0x00007fff598fa000 	C:\WINDOWS\System32\GDI32.dll
0x00007fff40ae0000 - 0x00007fff40d70000 	C:\WINDOWS\WinSxS\amd64_microsoft.windows.common-controls_6595b64144ccf1df_6.0.26100.3037_none_3e09262ce333c378\COMCTL32.dll
0x00007fff580a0000 - 0x00007fff581cb000 	C:\WINDOWS\System32\gdi32full.dll
0x00007fff57ff0000 - 0x00007fff58093000 	C:\WINDOWS\System32\msvcp_win.dll
0x00007fff59bb0000 - 0x00007fff59bdf000 	C:\WINDOWS\System32\IMM32.DLL
0x00007fff2b070000 - 0x00007fff2b07c000 	C:\sts-4.22.1.RELEASE\plugins\org.eclipse.justj.openjdk.hotspot.jre.full.win32.x86_64_17.0.11.v20240426-1830\jre\bin\vcruntime140_1.dll
0x00007ffef7730000 - 0x00007ffef77bd000 	C:\sts-4.22.1.RELEASE\plugins\org.eclipse.justj.openjdk.hotspot.jre.full.win32.x86_64_17.0.11.v20240426-1830\jre\bin\msvcp140.dll
0x00007ffee1e90000 - 0x00007ffee2af2000 	C:\sts-4.22.1.RELEASE\plugins\org.eclipse.justj.openjdk.hotspot.jre.full.win32.x86_64_17.0.11.v20240426-1830\jre\bin\server\jvm.dll
0x00007fff599d0000 - 0x00007fff59a84000 	C:\WINDOWS\System32\ADVAPI32.dll
0x00007fff597c0000 - 0x00007fff59866000 	C:\WINDOWS\System32\sechost.dll
0x00007fff59a90000 - 0x00007fff59ba6000 	C:\WINDOWS\System32\RPCRT4.dll
0x00007fff57870000 - 0x00007fff578be000 	C:\WINDOWS\SYSTEM32\POWRPROF.dll
0x00007fff31b60000 - 0x00007fff31b6a000 	C:\WINDOWS\SYSTEM32\WSOCK32.dll
0x00007fff4ddf0000 - 0x00007fff4ddfb000 	C:\WINDOWS\SYSTEM32\VERSION.dll
0x00007fff45d60000 - 0x00007fff45d96000 	C:\WINDOWS\SYSTEM32\WINMM.dll
0x00007fff59000000 - 0x00007fff59074000 	C:\WINDOWS\System32\WS2_32.dll
0x00007fff57850000 - 0x00007fff57864000 	C:\WINDOWS\SYSTEM32\UMPDC.dll
0x00007fff567f0000 - 0x00007fff5680a000 	C:\WINDOWS\SYSTEM32\kernel.appcore.dll
0x00007fff253e0000 - 0x00007fff253ea000 	C:\sts-4.22.1.RELEASE\plugins\org.eclipse.justj.openjdk.hotspot.jre.full.win32.x86_64_17.0.11.v20240426-1830\jre\bin\jimage.dll
0x00007fff550e0000 - 0x00007fff55321000 	C:\WINDOWS\SYSTEM32\DBGHELP.DLL
0x00007fff59d70000 - 0x00007fff5a0ee000 	C:\WINDOWS\System32\combase.dll
0x00007fff58ed0000 - 0x00007fff58fa6000 	C:\WINDOWS\System32\OLEAUT32.dll
0x00007fff3cc80000 - 0x00007fff3ccb9000 	C:\WINDOWS\SYSTEM32\dbgcore.DLL
0x00007fff581d0000 - 0x00007fff58269000 	C:\WINDOWS\System32\bcryptPrimitives.dll
0x00007fff448d0000 - 0x00007fff4490b000 	C:\sts-4.22.1.RELEASE\plugins\org.eclipse.justj.openjdk.hotspot.jre.full.win32.x86_64_17.0.11.v20240426-1830\jre\bin\jdwp.dll
0x00007fff4fb00000 - 0x00007fff4fb0e000 	C:\sts-4.22.1.RELEASE\plugins\org.eclipse.justj.openjdk.hotspot.jre.full.win32.x86_64_17.0.11.v20240426-1830\jre\bin\instrument.dll
0x00007fff236d0000 - 0x00007fff236f5000 	C:\sts-4.22.1.RELEASE\plugins\org.eclipse.justj.openjdk.hotspot.jre.full.win32.x86_64_17.0.11.v20240426-1830\jre\bin\java.dll
0x00007fff22e30000 - 0x00007fff22e48000 	C:\sts-4.22.1.RELEASE\plugins\org.eclipse.justj.openjdk.hotspot.jre.full.win32.x86_64_17.0.11.v20240426-1830\jre\bin\zip.dll
0x00007fff59080000 - 0x00007fff59784000 	C:\WINDOWS\System32\SHELL32.dll
0x00007fff556c0000 - 0x00007fff55ef7000 	C:\WINDOWS\SYSTEM32\windows.storage.dll
0x00007fff58480000 - 0x00007fff58569000 	C:\WINDOWS\System32\SHCORE.dll
0x00007fff578f0000 - 0x00007fff5791e000 	C:\WINDOWS\SYSTEM32\profapi.dll
0x00007fff472f0000 - 0x00007fff472fc000 	C:\sts-4.22.1.RELEASE\plugins\org.eclipse.justj.openjdk.hotspot.jre.full.win32.x86_64_17.0.11.v20240426-1830\jre\bin\dt_socket.dll
0x00007fff56250000 - 0x00007fff56282000 	C:\WINDOWS\SYSTEM32\IPHLPAPI.DLL
0x00007fff56d20000 - 0x00007fff56d8a000 	C:\WINDOWS\system32\mswsock.dll
0x00007fff562f0000 - 0x00007fff56415000 	C:\WINDOWS\SYSTEM32\DNSAPI.dll
0x00007fff589a0000 - 0x00007fff589aa000 	C:\WINDOWS\System32\NSI.dll
0x00007fff45ca0000 - 0x00007fff45cab000 	C:\Windows\System32\rasadhlp.dll
0x00007fff50230000 - 0x00007fff502b5000 	C:\WINDOWS\System32\fwpuclnt.dll
0x00007fff2b080000 - 0x00007fff2b099000 	C:\sts-4.22.1.RELEASE\plugins\org.eclipse.justj.openjdk.hotspot.jre.full.win32.x86_64_17.0.11.v20240426-1830\jre\bin\net.dll
0x00007fff51400000 - 0x00007fff5151e000 	C:\WINDOWS\SYSTEM32\WINHTTP.dll
0x00007fff02e60000 - 0x00007fff02e76000 	C:\sts-4.22.1.RELEASE\plugins\org.eclipse.justj.openjdk.hotspot.jre.full.win32.x86_64_17.0.11.v20240426-1830\jre\bin\nio.dll
0x00007fff25c60000 - 0x00007fff25c69000 	C:\sts-4.22.1.RELEASE\plugins\org.eclipse.justj.openjdk.hotspot.jre.full.win32.x86_64_17.0.11.v20240426-1830\jre\bin\management.dll
0x00007fff25c50000 - 0x00007fff25c5b000 	C:\sts-4.22.1.RELEASE\plugins\org.eclipse.justj.openjdk.hotspot.jre.full.win32.x86_64_17.0.11.v20240426-1830\jre\bin\management_ext.dll
0x00007fff5a590000 - 0x00007fff5a598000 	C:\WINDOWS\System32\PSAPI.DLL
0x00007fff32d20000 - 0x00007fff32d38000 	C:\WINDOWS\system32\napinsp.dll
0x00007fff32c10000 - 0x00007fff32c22000 	C:\WINDOWS\System32\winrnr.dll
0x00007fff32be0000 - 0x00007fff32c02000 	C:\WINDOWS\system32\nlansp_c.dll
0x00007fff32af0000 - 0x00007fff32b06000 	C:\WINDOWS\system32\wshbth.dll
0x00007fff56fc0000 - 0x00007fff56fdc000 	C:\WINDOWS\SYSTEM32\CRYPTSP.dll
0x00007fff56740000 - 0x00007fff56778000 	C:\WINDOWS\system32\rsaenh.dll
0x00007fff56dc0000 - 0x00007fff56deb000 	C:\WINDOWS\SYSTEM32\USERENV.dll
0x00007fff57200000 - 0x00007fff57226000 	C:\WINDOWS\SYSTEM32\bcrypt.dll
0x00007fff56fe0000 - 0x00007fff56fec000 	C:\WINDOWS\SYSTEM32\CRYPTBASE.dll
0x00007fff51ff0000 - 0x00007fff5200f000 	C:\WINDOWS\SYSTEM32\dhcpcsvc6.DLL
0x00007fff50cd0000 - 0x00007fff50cf5000 	C:\WINDOWS\SYSTEM32\dhcpcsvc.DLL
0x00007fff28c30000 - 0x00007fff28c39000 	C:\sts-4.22.1.RELEASE\plugins\org.eclipse.justj.openjdk.hotspot.jre.full.win32.x86_64_17.0.11.v20240426-1830\jre\bin\extnet.dll
0x00007fff38dc0000 - 0x00007fff38dd0000 	C:\sts-4.22.1.RELEASE\plugins\org.eclipse.justj.openjdk.hotspot.jre.full.win32.x86_64_17.0.11.v20240426-1830\jre\bin\verify.dll
0x00007fff31b20000 - 0x00007fff31b2e000 	C:\sts-4.22.1.RELEASE\plugins\org.eclipse.justj.openjdk.hotspot.jre.full.win32.x86_64_17.0.11.v20240426-1830\jre\bin\sunmscapi.dll
0x00007fff579e0000 - 0x00007fff57b56000 	C:\WINDOWS\System32\CRYPT32.dll
0x00007fff571c0000 - 0x00007fff571f0000 	C:\WINDOWS\SYSTEM32\ncrypt.dll
0x00007fff57170000 - 0x00007fff571af000 	C:\WINDOWS\SYSTEM32\NTASN1.dll
0x00007fff47290000 - 0x00007fff47298000 	C:\WINDOWS\system32\wshunix.dll

dbghelp: loaded successfully - version: 4.0.5 - missing functions: none
symbol engine: initialized successfully - sym options: 0x614 - pdb path: .;C:\sts-4.22.1.RELEASE\plugins\org.eclipse.justj.openjdk.hotspot.jre.full.win32.x86_64_17.0.11.v20240426-1830\jre\bin;C:\WINDOWS\SYSTEM32;C:\WINDOWS\WinSxS\amd64_microsoft.windows.common-controls_6595b64144ccf1df_6.0.26100.3037_none_3e09262ce333c378;C:\sts-4.22.1.RELEASE\plugins\org.eclipse.justj.openjdk.hotspot.jre.full.win32.x86_64_17.0.11.v20240426-1830\jre\bin\server

VM Arguments:
jvm_args: -XX:+ShowCodeDetailsInExceptionMessages -agentlib:jdwp=transport=dt_socket,suspend=y,address=localhost:51219 -Dcom.sun.management.jmxremote -Dcom.sun.management.jmxremote.port=51218 -Dcom.sun.management.jmxremote.authenticate=false -Dcom.sun.management.jmxremote.ssl=false -Djava.rmi.server.hostname=localhost -Dspring.jmx.enabled=true -Dmanagement.endpoints.jmx.exposure.include=* -Dspring.application.admin.enabled=true -XX:TieredStopAtLevel=1 -Dspring.boot.project.name=NourishNow -javaagent:C:\sts-4.22.1.RELEASE\configuration\org.eclipse.osgi\266\0\.cp\lib\javaagent-shaded.jar -Dfile.encoding=UTF-8 -Dstdout.encoding=UTF-8 -Dstderr.encoding=UTF-8 
java_command: com.pscode.nourish_now.NourishNowApplication --spring.output.ansi.enabled=always
java_class_path (initial): D:\Advance java\NourishNow\target\classes;C:\Users\ASUS\.m2\repository\org\springframework\boot\spring-boot-starter-data-jpa\3.4.2\spring-boot-starter-data-jpa-3.4.2.jar;C:\Users\ASUS\.m2\repository\org\springframework\boot\spring-boot-starter\3.4.2\spring-boot-starter-3.4.2.jar;C:\Users\ASUS\.m2\repository\org\springframework\boot\spring-boot-starter-logging\3.4.2\spring-boot-starter-logging-3.4.2.jar;C:\Users\ASUS\.m2\repository\ch\qos\logback\logback-classic\1.5.16\logback-classic-1.5.16.jar;C:\Users\ASUS\.m2\repository\ch\qos\logback\logback-core\1.5.16\logback-core-1.5.16.jar;C:\Users\ASUS\.m2\repository\org\apache\logging\log4j\log4j-to-slf4j\2.24.3\log4j-to-slf4j-2.24.3.jar;C:\Users\ASUS\.m2\repository\org\apache\logging\log4j\log4j-api\2.24.3\log4j-api-2.24.3.jar;C:\Users\ASUS\.m2\repository\org\slf4j\jul-to-slf4j\2.0.16\jul-to-slf4j-2.0.16.jar;C:\Users\ASUS\.m2\repository\jakarta\annotation\jakarta.annotation-api\2.1.1\jakarta.annotation-api-2.1.1.jar;C:\Users\ASUS\.m2\repository\org\yaml\snakeyaml\2.3\snakeyaml-2.3.jar;C:\Users\ASUS\.m2\repository\org\springframework\boot\spring-boot-starter-jdbc\3.4.2\spring-boot-starter-jdbc-3.4.2.jar;C:\Users\ASUS\.m2\repository\com\zaxxer\HikariCP\5.1.0\HikariCP-5.1.0.jar;C:\Users\ASUS\.m2\repository\org\springframework\spring-jdbc\6.2.2\spring-jdbc-6.2.2.jar;C:\Users\ASUS\.m2\repository\org\hibernate\orm\hibernate-core\6.6.5.Final\hibernate-core-6.6.5.Final.jar;C:\Users\ASUS\.m2\repository\jakarta\persistence\jakarta.persistence-api\3.1.0\jakarta.persistence-api-3.1.0.jar;C:\Users\ASUS\.m2\repository\jakarta\transaction\jakarta.transaction-api\2.0.1\jakarta.transaction-api-2.0.1.jar;C:\Users\ASUS\.m2\repository\org\jboss\logging\jboss-logging\3.6.1.Final\jboss-logging-3.6.1.Final.jar;C:\Users\ASUS\.m2\repository\org\hibernate\common\hibernate-commons-annotations\7.0.3.Final\hibernate-commons-annotations-7.0.3.Final.jar;C:\Users\ASUS\.m2\repository\io\smallrye\jandex\3.2.0\jandex-3.2.0.jar;
Launcher Type: SUN_STANDARD

[Global flags]
     intx CICompilerCount                          = 4                                         {product} {ergonomic}
     uint ConcGCThreads                            = 2                                         {product} {ergonomic}
     uint G1ConcRefinementThreads                  = 8                                         {product} {ergonomic}
   size_t G1HeapRegionSize                         = 1048576                                   {product} {ergonomic}
    uintx GCDrainStackTargetSize                   = 64                                        {product} {ergonomic}
   size_t InitialHeapSize                          = 130023424                                 {product} {ergonomic}
     bool ManagementServer                         = true                                      {product} {command line}
   size_t MarkStackSize                            = 4194304                                   {product} {ergonomic}
   size_t MaxHeapSize                              = 2080374784                                {product} {ergonomic}
   size_t MaxNewSize                               = 1247805440                                {product} {ergonomic}
   size_t MinHeapDeltaBytes                        = 1048576                                   {product} {ergonomic}
   size_t MinHeapSize                              = 8388608                                   {product} {ergonomic}
    uintx NonProfiledCodeHeapSize                  = 0                                      {pd product} {ergonomic}
     bool ProfileInterpreter                       = false                                  {pd product} {command line}
    uintx ProfiledCodeHeapSize                     = 0                                      {pd product} {ergonomic}
     bool ShowCodeDetailsInExceptionMessages       = true                                   {manageable} {command line}
   size_t SoftMaxHeapSize                          = 2080374784                             {manageable} {ergonomic}
     intx TieredStopAtLevel                        = 1                                         {product} {command line}
     bool UseCompressedClassPointers               = true                           {product lp64_product} {ergonomic}
     bool UseCompressedOops                        = true                           {product lp64_product} {ergonomic}
     bool UseG1GC                                  = true                                      {product} {ergonomic}
     bool UseLargePagesIndividualAllocation        = false                                  {pd product} {ergonomic}

Logging:
Log output configuration:
 #0: stdout all=warning uptime,level,tags
 #1: stderr all=off uptime,level,tags

Environment Variables:
PATH=C:\sts-4.22.1.RELEASE\plugins\org.eclipse.justj.openjdk.hotspot.jre.full.win32.x86_64_17.0.11.v20240426-1830\jre\bin;C:/sts-4.22.1.RELEASE//plugins/org.eclipse.justj.openjdk.hotspot.jre.full.win32.x86_64_17.0.11.v20240426-1830/jre/bin/server;C:/sts-4.22.1.RELEASE//plugins/org.eclipse.justj.openjdk.hotspot.jre.full.win32.x86_64_17.0.11.v20240426-1830/jre/bin;C:\Python312\Scripts\;C:\Python312\;C:\WINDOWS\system32;C:\WINDOWS;C:\WINDOWS\System32\Wbem;C:\WINDOWS\System32\WindowsPowerShell\v1.0\;C:\WINDOWS\System32\OpenSSH\;C:\Program Files\java\jdk-17.0.11\bin;C:\ProgramData\chocolatey\bin;C:\Program Files\Git\cmd;C:\Program Files\GitHub CLI\;C:\Program Files\nodejs\;C:\Program Files\Amazon\AWSCLIV2\;C:\Program Files\MySQL\MySQL Shell 8.0\bin\;C:\Users\ASUS\AppData\Local\Microsoft\WindowsApps;C:\Users\ASUS\AppData\Local\Programs\Microsoft VS Code\bin;C:\Program Files\java\jdk-17.0.11\bin;C:\Users\ASUS\AppData\Local\GitHubDesktop\bin;C:\Users\ASUS\AppData\Roaming\npm;;C:\Program Files\JetBrains\IntelliJ IDEA 2023.1.3\bin;;C:\Program Files\JetBrains\CLion 2024.3.3\bin;;C:\sts-4.22.1.RELEASE;
USERNAME=Prathmesh N S
OS=Windows_NT
PROCESSOR_IDENTIFIER=Intel64 Family 6 Model 126 Stepping 5, GenuineIntel
TMP=C:\Users\ASUS\AppData\Local\Temp
TEMP=C:\Users\ASUS\AppData\Local\Temp



Periodic native trim disabled


---------------  S Y S T E M  ---------------

OS:
 Windows 11 , 64 bit Build 26100 (10.0.26100.3037)
OS uptime: 0 days 1:56 hours
Hyper-V role detected

CPU: total 8 (initial active 8) (4 cores per cpu, 2 threads per core) family 6 model 126 stepping 5 microcode 0xa6, cx8, cmov, fxsr, ht, mmx, 3dnowpref, sse, sse2, sse3, ssse3, sse4.1, sse4.2, popcnt, lzcnt, tsc, tscinvbit, avx, avx2, aes, erms, clmul, bmi1, bmi2, adx, avx512f, avx512dq, avx512cd, avx512bw, avx512vl, sha, fma, vzeroupper, avx512_vpopcntdq, avx512_vpclmulqdq, avx512_vaes, avx512_vnni, clflush, clflushopt, avx512_vbmi2, avx512_vbmi, hv
Processor Information for all 8 processors :
  Max Mhz: 1201, Current Mhz: 1000, Mhz Limit: 996

Memory: 4k page, system-wide physical 7930M (1511M free)
TotalPageFile size 12538M (AvailPageFile size 4040M)
current process WorkingSet (physical memory assigned to process): 369M, peak: 372M
current process commit charge ("private bytes"): 392M, peak: 410M

vm_info: OpenJDK 64-Bit Server VM (17.0.11+9) for windows-amd64 JRE (17.0.11+9), built on Apr 17 2024 06:07:48 by "admin" with MS VC++ 16.10 / 16.11 (VS2019)

END.
